<?xml version="1.0" encoding="UTF-8"?>
<!-- Generated by org.testng.reporters.JUnitXMLReporter -->
<testsuite ignored="0" hostname="DESKTOP-R6U42OA" failures="0" tests="8" name="Default test" time="54.852" errors="0" timestamp="2024-11-27T20:47:07 IST">
  <testcase classname="runner.HomeRun" name="getPageTitle" time="0.168"/>
  <testcase classname="runner.HomeRun" name="getPageUrl" time="0.017"/>
  <testcase classname="runner.HomeRun" name="verifyRevenueCalculatorOption" time="0.166"/>
  <testcase classname="runner.HomeRun" name="verifyscrollingToSliderSection" time="1.606"/>
  <testcase classname="runner.HomeRun" name="verifyEnterValueOnTextBox" time="1.109"/>
  <testcase classname="runner.HomeRun" name="verifySliderMoveToTargetPosition" time="34.798"/>
  <testcase classname="runner.HomeRun" name="verifyCheckBoxOptions" time="1.188"/>
  <testcase classname="runner.HomeRun" name="verifyTotalRecurringReimbursement" time="0.106"/>
</testsuite> <!-- Default test -->
